2018-03-04 19:10:20 INFO  root:27 - Wizkid: Logged In!
2018-03-04 20:06:33 INFO  root:27 - Wizkid: Logged In!
2018-03-04 20:08:25 INFO  root:27 - Admin: Logged In!
2018-03-04 20:09:08 INFO  root:27 - Admin: Logged In!
2018-03-04 20:16:45 INFO  root:27 - Admin: Logged In!
2018-03-04 20:16:59 INFO  root:27 - Admin: printed account 598615519.
2018-03-04 20:17:03 INFO  root:27 - Admin: accessing account 598615519.
2018-03-04 20:17:10 INFO  root:27 - Admin: Deposited 10000.0 from 598615519 account!
2018-03-04 20:23:49 INFO  root:27 - username: User Created!
2018-03-04 20:23:56 INFO  root:27 - username: applied for an account 739096627.
2018-03-04 20:26:58 INFO  root:27 - username: Logged In!
2018-03-04 20:28:31 INFO  root:27 - Admin: Logged In!
2018-03-04 20:28:55 INFO  root:27 - Admin: printed account 739096627.
2018-03-04 20:29:10 INFO  root:27 - Admin: printed account 739096627.
2018-03-04 20:29:21 INFO  root:27 - Admin: printed account 739096627.
2018-03-04 20:29:42 INFO  root:27 - Admin: accessing account 739096627.
2018-03-04 20:29:59 INFO  root:27 - Admin: Withdrew 0.0 from 739096627 account!
2018-03-04 21:57:07 INFO  root:27 - Admin: Logged In!
2018-03-04 21:57:55 INFO  root:27 - Admin: accessing account 739096627.
2018-03-04 21:58:03 INFO  root:27 - Admin: Deposited 1.0E89 from 739096627 account!
2018-03-05 09:03:43 INFO  root:27 - username: Logged In!
2018-03-05 09:04:07 INFO  root:27 - Employee: Logged In!
2018-03-05 09:04:12 INFO  root:27 - Employee: approved account 739096627.
2018-03-05 09:04:46 INFO  root:27 - username: Logged In!
2018-03-05 09:04:48 INFO  root:27 - username: is accessing 739096627.
2018-03-05 09:04:58 INFO  root:27 - username: Deposited 1.0E136 from 739096627 account!
2018-03-05 15:17:00 INFO  root:27 - Wiz: User Created!
